#
# There is insufficient memory for the Java Runtime Environment to continue.
# Native memory allocation (malloc) failed to allocate 551392 bytes for Chunk::new
# Possible reasons:
#   The system is out of physical RAM or swap space
#   The process is running with CompressedOops enabled, and the Java Heap may be blocking the growth of the native heap
# Possible solutions:
#   Reduce memory load on the system
#   Increase physical memory or swap space
#   Check if swap backing store is full
#   Decrease Java heap size (-Xmx/-Xms)
#   Decrease number of Java threads
#   Decrease Java thread stack sizes (-Xss)
#   Set larger code cache with -XX:ReservedCodeCacheSize=
#   JVM is running with Unscaled Compressed Oops mode in which the Java heap is
#     placed in the first 4GB address space. The Java Heap base address is the
#     maximum limit for the native heap growth. Please use -XX:HeapBaseMinAddress
#     to set the Java Heap base and to place the Java Heap above 4GB virtual address.
# This output file may be truncated or incomplete.
#
#  Out of Memory Error (allocation.cpp:389), pid=17472, tid=0x0000000000004494
#
# JRE version: OpenJDK Runtime Environment (8.0_212-b04) (build 1.8.0_212-release-1586-b04)
# Java VM: OpenJDK 64-Bit Server VM (25.212-b04 mixed mode windows-amd64 compressed oops)
# Failed to write core dump. Minidumps are not enabled by default on client versions of Windows
#

---------------  T H R E A D  ---------------

Current thread (0x0000000016c74800):  JavaThread "C2 CompilerThread2" daemon [_thread_in_native, id=17556, stack(0x00000000175e0000,0x00000000176e0000)]

Stack: [0x00000000175e0000,0x00000000176e0000]
[error occurred during error reporting (printing stack bounds), id 0xc0000005]

Native frames: (J=compiled Java code, j=interpreted, Vv=VM code, C=native code)


Current CompileTask:
C2: 508501 15718       4       com.sun.org.apache.xerces.internal.parsers.AbstractDOMParser::startElement (876 bytes)


---------------  P R O C E S S  ---------------

Java Threads: ( => current thread )
  0x0000000019b7c000 JavaThread "stdout" [_thread_in_native, id=7864, stack(0x00000000301e0000,0x00000000302e0000)]
  0x0000000019b83000 JavaThread "stderr" [_thread_in_native, id=8480, stack(0x00000000300e0000,0x00000000301e0000)]
  0x0000000019b7b000 JavaThread "pool-7-thread-1" [_thread_blocked, id=8232, stack(0x000000002ffe0000,0x00000000300e0000)]
  0x0000000019b82000 JavaThread "WorkerExecutor Queue" [_thread_blocked, id=12304, stack(0x000000002fee0000,0x000000002ffe0000)]
  0x0000000019b81800 JavaThread "Cache worker for execution history cache (D:\Github\android-demo-app\PyTorchDemoApp\.gradle\5.6.2\executionHistory)" [_thread_blocked, id=664, stack(0x000000002fde0000,0x000000002fee0000)]
  0x0000000019b80800 JavaThread "Execution worker for ':' Thread 7" [_thread_blocked, id=4988, stack(0x000000002fce0000,0x000000002fde0000)]
  0x0000000019b7c800 JavaThread "Execution worker for ':' Thread 6" [_thread_blocked, id=17976, stack(0x000000002fbe0000,0x000000002fce0000)]
  0x0000000019b80000 JavaThread "Execution worker for ':' Thread 5" [_thread_blocked, id=7176, stack(0x000000002fae0000,0x000000002fbe0000)]
  0x0000000019b7d800 JavaThread "Execution worker for ':' Thread 4" [_thread_in_native, id=13520, stack(0x000000002f9e0000,0x000000002fae0000)]
  0x0000000019b73800 JavaThread "Execution worker for ':' Thread 3" [_thread_in_native, id=14232, stack(0x000000002f8e0000,0x000000002f9e0000)]
  0x0000000019b7a800 JavaThread "Execution worker for ':' Thread 2" [_thread_blocked, id=1268, stack(0x000000002f7e0000,0x000000002f8e0000)]
  0x0000000019b79800 JavaThread "Execution worker for ':'" [_thread_blocked, id=15012, stack(0x000000002f6e0000,0x000000002f7e0000)]
  0x0000000019b78000 JavaThread "Cache worker for file content cache (D:\Github\android-demo-app\PyTorchDemoApp\.gradle\5.6.2\fileContent)" [_thread_blocked, id=19200, stack(0x000000002f5e0000,0x000000002f6e0000)]
  0x0000000019b77800 JavaThread "Cache worker for Build Output Cleanup Cache (D:\Github\android-demo-app\PyTorchDemoApp\.gradle\buildOutputCleanup)" [_thread_blocked, id=2604, stack(0x000000002f4e0000,0x000000002f5e0000)]
  0x0000000019b76800 JavaThread "Build operations Thread 8" [_thread_blocked, id=5244, stack(0x000000002f3e0000,0x000000002f4e0000)]
  0x0000000019b79000 JavaThread "Build operations Thread 7" [_thread_blocked, id=15424, stack(0x000000002f2e0000,0x000000002f3e0000)]
  0x000000001e9a2800 JavaThread "Build operations Thread 6" [_thread_blocked, id=12896, stack(0x000000002f1e0000,0x000000002f2e0000)]
  0x000000001e9a0000 JavaThread "Build operations Thread 5" [_thread_blocked, id=17372, stack(0x000000002f0e0000,0x000000002f1e0000)]
  0x000000001e99b800 JavaThread "Build operations Thread 4" [_thread_blocked, id=3572, stack(0x000000002efe0000,0x000000002f0e0000)]
  0x000000001e99e000 JavaThread "Build operations Thread 3" [_thread_blocked, id=5560, stack(0x000000002eee0000,0x000000002efe0000)]
  0x000000001e99d000 JavaThread "Build operations Thread 2" [_thread_blocked, id=18396, stack(0x000000002ede0000,0x000000002eee0000)]
  0x000000001e99b000 JavaThread "Build operations" [_thread_blocked, id=3960, stack(0x000000002ece0000,0x000000002ede0000)]
  0x000000001e9a1800 JavaThread "Cache worker for cache directory md-rule (D:\Github\PytorchAndroid\.gradle\caches\5.6.2\md-rule)" [_thread_blocked, id=15332, stack(0x000000002ebe0000,0x000000002ece0000)]
  0x000000001e99a000 JavaThread "Cache worker for cache directory md-supplier (D:\Github\PytorchAndroid\.gradle\caches\5.6.2\md-supplier)" [_thread_blocked, id=17616, stack(0x000000002eae0000,0x000000002ebe0000)]
  0x000000001e998800 JavaThread "Cache worker for file hash cache (D:\Github\android-demo-app\PyTorchDemoApp\.gradle\5.6.2\fileHashes)" [_thread_blocked, id=10408, stack(0x000000002e9e0000,0x000000002eae0000)]
  0x000000001e99f800 JavaThread "Thread-83" [_thread_blocked, id=12808, stack(0x000000002e8e0000,0x000000002e9e0000)]
  0x000000001e998000 JavaThread "Stdin handler" [_thread_blocked, id=15808, stack(0x000000002e7e0000,0x000000002e8e0000)]
  0x000000001e997000 JavaThread "Asynchronous log dispatcher for DefaultDaemonConnection: socket connection from /127.0.0.1:63186 to /127.0.0.1:63231" [_thread_blocked, id=12412, stack(0x000000002e6e0000,0x000000002e7e0000)]
  0x000000001e999800 JavaThread "Cancel handler" [_thread_blocked, id=14324, stack(0x000000002e5e0000,0x000000002e6e0000)]
  0x000000001e995800 JavaThread "Handler for socket connection from /127.0.0.1:63186 to /127.0.0.1:63231" [_thread_in_native, id=11436, stack(0x000000002e4e0000,0x000000002e5e0000)]
  0x0000000019b76000 JavaThread "Daemon worker Thread 2" [_thread_blocked, id=11916, stack(0x000000002c0e0000,0x000000002c1e0000)]
  0x0000000019b75000 JavaThread "Daemon Thread 2" [_thread_blocked, id=19400, stack(0x000000002bde0000,0x000000002bee0000)]
  0x000000001e99e800 JavaThread "Cache worker for Java compile cache (D:\Github\PytorchAndroid\.gradle\caches\5.6.2\javaCompile)" [_thread_blocked, id=18340, stack(0x0000000026210000,0x0000000026310000)]
  0x000000001a04c000 JavaThread "Cache worker for file content cache (D:\Github\PytorchAndroid\.gradle\caches\5.6.2\fileContent)" [_thread_blocked, id=876, stack(0x00000000221a0000,0x00000000222a0000)]
  0x000000001a041800 JavaThread "Memory manager" [_thread_blocked, id=1228, stack(0x00000000220a0000,0x00000000221a0000)]
  0x000000001a03c800 JavaThread "Cache worker for execution history cache (D:\Github\PytorchAndroid\.gradle\caches\5.6.2\executionHistory)" [_thread_blocked, id=17740, stack(0x000000001f850000,0x000000001f950000)]
  0x0000000016c85800 JavaThread "Cache worker for journal cache (D:\Github\PytorchAndroid\.gradle\caches\journal-1)" [_thread_blocked, id=7236, stack(0x000000001b560000,0x000000001b660000)]
  0x0000000016c84800 JavaThread "File lock request listener" [_thread_in_native, id=18984, stack(0x000000001b460000,0x000000001b560000)]
  0x0000000016c84000 JavaThread "Cache worker for file hash cache (D:\Github\PytorchAndroid\.gradle\caches\5.6.2\fileHashes)" [_thread_blocked, id=11120, stack(0x000000001b360000,0x000000001b460000)]
  0x0000000019b01800 JavaThread "Daemon periodic checks" [_thread_blocked, id=18220, stack(0x000000001a660000,0x000000001a760000)]
  0x0000000019aff800 JavaThread "Incoming local TCP Connector on port 63186" [_thread_in_native, id=10656, stack(0x0000000017ae0000,0x0000000017be0000)]
  0x0000000018fac800 JavaThread "Daemon health stats" [_thread_blocked, id=19336, stack(0x00000000179e0000,0x0000000017ae0000)]
  0x0000000016d10800 JavaThread "Service Thread" daemon [_thread_blocked, id=6428, stack(0x00000000177e0000,0x00000000178e0000)]
  0x0000000016c83000 JavaThread "C1 CompilerThread3" daemon [_thread_blocked, id=11296, stack(0x00000000176e0000,0x00000000177e0000)]
=>0x0000000016c74800 JavaThread "C2 CompilerThread2" daemon [_thread_in_native, id=17556, stack(0x00000000175e0000,0x00000000176e0000)]
  0x0000000014dfd000 JavaThread "C2 CompilerThread1" daemon [_thread_in_native, id=9688, stack(0x00000000174e0000,0x00000000175e0000)]
  0x0000000014dfa000 JavaThread "C2 CompilerThread0" daemon [_thread_in_native, id=13468, stack(0x00000000173e0000,0x00000000174e0000)]
  0x0000000016c6f800 JavaThread "Attach Listener" daemon [_thread_blocked, id=4676, stack(0x00000000172e0000,0x00000000173e0000)]
  0x0000000016c1c000 JavaThread "Signal Dispatcher" daemon [_thread_blocked, id=2812, stack(0x00000000171e0000,0x00000000172e0000)]
  0x000000000356e000 JavaThread "Finalizer" daemon [_thread_blocked, id=11620, stack(0x00000000170e0000,0x00000000171e0000)]
  0x0000000003565000 JavaThread "Reference Handler" daemon [_thread_blocked, id=9816, stack(0x0000000016fe0000,0x00000000170e0000)]
  0x000000000362e000 JavaThread "main" [_thread_blocked, id=19028, stack(0x0000000002f90000,0x0000000003090000)]

Other Threads:
  0x0000000014de8000 VMThread [stack: 0x0000000016ae0000,0x0000000016be0000] [id=18004]
  0x0000000016d11800 WatcherThread [stack: 0x00000000178e0000,0x00000000179e0000] [id=4592]

VM state:not at safepoint (normal execution)

VM Mutex/Monitor currently owned by a thread: None

heap address: 0x00000000e0000000, size: 512 MB, Compressed Oops mode: 32-bit
Narrow klass base: 0x0000000000000000, Narrow klass shift: 3
Compressed class space size: 1073741824 Address: 0x0000000100000000

Heap:
 PSYoungGen      total 133632K, used 37855K [0x00000000f5580000, 0x0000000100000000, 0x0000000100000000)
  eden space 102912K, 9% used [0x00000000f5580000,0x00000000f5f076d0,0x00000000fba00000)
  from space 30720K, 91% used [0x00000000fe200000,0x00000000ffd70860,0x0000000100000000)
  to   space 35840K, 0% used [0x00000000fba00000,0x00000000fba00000,0x00000000fdd00000)
 ParOldGen       total 219648K, used 63554K [0x00000000e0000000, 0x00000000ed680000, 0x00000000f5580000)
  object space 219648K, 28% used [0x00000000e0000000,0x00000000e3e10b28,0x00000000ed680000)
 Metaspace       used 88156K, capacity 92662K, committed 92800K, reserved 1130496K
  class space    used 11716K, capacity 12588K, committed 12672K, reserved 1048576K

Card table byte_map: [0x00000000129f0000,0x0000000012b00000] byte_map_base: 0x00000000122f0000

Marking Bits: (ParMarkBitMap*) 0x0000000053199f30
 Begin Bits: [0x0000000013300000, 0x0000000013b00000)
 End Bits:   [0x0000000013b00000, 0x0000000014300000)

Polling page: 0x00000000012d0000

CodeCache: size=245760Kb used=42463Kb max_used=42473Kb free=203296Kb
 bounds [0x0000000003630000, 0x0000000005ff0000, 0x0000000012630000]
 total_blobs=13775 nmethods=12899 adapters=787
 compilation: enabled

Compilation events (10 events):
Event: 508.484 Thread 0x0000000016c83000 15793       3       org.gradle.internal.instantiation.AsmBackedClassGenerator::generate (6 bytes)
Event: 508.485 Thread 0x0000000016c83000 nmethod 15793 0x0000000005fbb650 code [0x0000000005fbb7c0, 0x0000000005fbb948]
Event: 508.485 Thread 0x0000000016c83000 15794       3       org.gradle.internal.instantiation.AbstractClassGenerator::generate (58 bytes)
Event: 508.485 Thread 0x0000000016c83000 nmethod 15794 0x0000000005fdc250 code [0x0000000005fdc420, 0x0000000005fdcde8]
Event: 508.496 Thread 0x0000000014dfd000 nmethod 15762 0x0000000005fe0150 code [0x0000000005fe02c0, 0x0000000005fe0d58]
Event: 508.496 Thread 0x0000000014dfd000 15708       4       com.sun.org.apache.xerces.internal.dom.DeferredDocumentImpl::appendChild (81 bytes)
Event: 508.497 Thread 0x0000000016c83000 15795       3       com.google.common.collect.ImmutableSortedSet::naturalOrder (11 bytes)
Event: 508.498 Thread 0x0000000016c83000 nmethod 15795 0x0000000005fdb850 code [0x0000000005fdba00, 0x0000000005fdbf88]
Event: 508.498 Thread 0x0000000016c83000 15796       3       com.google.common.base.Equivalence::equivalent (24 bytes)
Event: 508.499 Thread 0x0000000016c83000 nmethod 15796 0x0000000005fdb350 code [0x0000000005fdb4c0, 0x0000000005fdb7a8]

GC Heap History (10 events):
Event: 20.822 GC heap before
{Heap before GC invocations=17 (full 3):
 PSYoungGen      total 150016K, used 149609K [0x00000000f5580000, 0x0000000100000000, 0x0000000100000000)
  eden space 131584K, 100% used [0x00000000f5580000,0x00000000fd600000,0x00000000fd600000)
  from space 18432K, 97% used [0x00000000fd600000,0x00000000fe79a620,0x00000000fe800000)
  to   space 22528K, 0% used [0x00000000fea00000,0x00000000fea00000,0x0000000100000000)
 ParOldGen       total 219648K, used 28729K [0x00000000e0000000, 0x00000000ed680000, 0x00000000f5580000)
  object space 219648K, 13% used [0x00000000e0000000,0x00000000e1c0e588,0x00000000ed680000)
 Metaspace       used 79560K, capacity 83346K, committed 83456K, reserved 1122304K
  class space    used 10712K, capacity 11446K, committed 11520K, reserved 1048576K
Event: 20.835 GC heap after
Heap after GC invocations=17 (full 3):
 PSYoungGen      total 142848K, used 22526K [0x00000000f5580000, 0x0000000100000000, 0x0000000100000000)
  eden space 120320K, 0% used [0x00000000f5580000,0x00000000f5580000,0x00000000fcb00000)
  from space 22528K, 99% used [0x00000000fea00000,0x00000000fffffbc8,0x0000000100000000)
  to   space 27136K, 0% used [0x00000000fcb00000,0x00000000fcb00000,0x00000000fe580000)
 ParOldGen       total 219648K, used 33342K [0x00000000e0000000, 0x00000000ed680000, 0x00000000f5580000)
  object space 219648K, 15% used [0x00000000e0000000,0x00000000e208f958,0x00000000ed680000)
 Metaspace       used 79560K, capacity 83346K, committed 83456K, reserved 1122304K
  class space    used 10712K, capacity 11446K, committed 11520K, reserved 1048576K
}
Event: 466.915 GC heap before
{Heap before GC invocations=18 (full 3):
 PSYoungGen      total 142848K, used 142846K [0x00000000f5580000, 0x0000000100000000, 0x0000000100000000)
  eden space 120320K, 100% used [0x00000000f5580000,0x00000000fcb00000,0x00000000fcb00000)
  from space 22528K, 99% used [0x00000000fea00000,0x00000000fffffbc8,0x0000000100000000)
  to   space 27136K, 0% used [0x00000000fcb00000,0x00000000fcb00000,0x00000000fe580000)
 ParOldGen       total 219648K, used 33342K [0x00000000e0000000, 0x00000000ed680000, 0x00000000f5580000)
  object space 219648K, 15% used [0x00000000e0000000,0x00000000e208f958,0x00000000ed680000)
 Metaspace       used 87051K, capacity 91460K, committed 91648K, reserved 1128448K
  class space    used 11675K, capacity 12515K, committed 12544K, reserved 1048576K
Event: 466.929 GC heap after
Heap after GC invocations=18 (full 3):
 PSYoungGen      total 132096K, used 13818K [0x00000000f5580000, 0x00000000ffb00000, 0x0000000100000000)
  eden space 118272K, 0% used [0x00000000f5580000,0x00000000f5580000,0x00000000fc900000)
  from space 13824K, 99% used [0x00000000fcb00000,0x00000000fd87e878,0x00000000fd880000)
  to   space 25600K, 0% used [0x00000000fe200000,0x00000000fe200000,0x00000000ffb00000)
 ParOldGen       total 219648K, used 44425K [0x00000000e0000000, 0x00000000ed680000, 0x00000000f5580000)
  object space 219648K, 20% used [0x00000000e0000000,0x00000000e2b62488,0x00000000ed680000)
 Metaspace       used 87051K, capacity 91460K, committed 91648K, reserved 1128448K
  class space    used 11675K, capacity 12515K, committed 12544K, reserved 1048576K
}
Event: 467.664 GC heap before
{Heap before GC invocations=19 (full 3):
 PSYoungGen      total 132096K, used 132090K [0x00000000f5580000, 0x00000000ffb00000, 0x0000000100000000)
  eden space 118272K, 100% used [0x00000000f5580000,0x00000000fc900000,0x00000000fc900000)
  from space 13824K, 99% used [0x00000000fcb00000,0x00000000fd87e878,0x00000000fd880000)
  to   space 25600K, 0% used [0x00000000fe200000,0x00000000fe200000,0x00000000ffb00000)
 ParOldGen       total 219648K, used 44425K [0x00000000e0000000, 0x00000000ed680000, 0x00000000f5580000)
  object space 219648K, 20% used [0x00000000e0000000,0x00000000e2b62488,0x00000000ed680000)
 Metaspace       used 87416K, capacity 91840K, committed 91904K, reserved 1128448K
  class space    used 11681K, capacity 12525K, committed 12544K, reserved 1048576K
Event: 467.684 GC heap after
Heap after GC invocations=19 (full 3):
 PSYoungGen      total 144384K, used 14449K [0x00000000f5580000, 0x0000000100000000, 0x0000000100000000)
  eden space 118784K, 0% used [0x00000000f5580000,0x00000000f5580000,0x00000000fc980000)
  from space 25600K, 56% used [0x00000000fe200000,0x00000000ff01c788,0x00000000ffb00000)
  to   space 25088K, 0% used [0x00000000fc980000,0x00000000fc980000,0x00000000fe200000)
 ParOldGen       total 219648K, used 44433K [0x00000000e0000000, 0x00000000ed680000, 0x00000000f5580000)
  object space 219648K, 20% used [0x00000000e0000000,0x00000000e2b64488,0x00000000ed680000)
 Metaspace       used 87416K, capacity 91840K, committed 91904K, reserved 1128448K
  class space    used 11681K, capacity 12525K, committed 12544K, reserved 1048576K
}
Event: 469.328 GC heap before
{Heap before GC invocations=20 (full 3):
 PSYoungGen      total 144384K, used 133233K [0x00000000f5580000, 0x0000000100000000, 0x0000000100000000)
  eden space 118784K, 100% used [0x00000000f5580000,0x00000000fc980000,0x00000000fc980000)
  from space 25600K, 56% used [0x00000000fe200000,0x00000000ff01c788,0x00000000ffb00000)
  to   space 25088K, 0% used [0x00000000fc980000,0x00000000fc980000,0x00000000fe200000)
 ParOldGen       total 219648K, used 44433K [0x00000000e0000000, 0x00000000ed680000, 0x00000000f5580000)
  object space 219648K, 20% used [0x00000000e0000000,0x00000000e2b64488,0x00000000ed680000)
 Metaspace       used 87601K, capacity 92044K, committed 92160K, reserved 1128448K
  class space    used 11684K, capacity 12527K, committed 12544K, reserved 1048576K
Event: 469.348 GC heap after
Heap after GC invocations=20 (full 3):
 PSYoungGen      total 143872K, used 25086K [0x00000000f5580000, 0x0000000100000000, 0x0000000100000000)
  eden space 118784K, 0% used [0x00000000f5580000,0x00000000f5580000,0x00000000fc980000)
  from space 25088K, 99% used [0x00000000fc980000,0x00000000fe1ffab8,0x00000000fe200000)
  to   space 30720K, 0% used [0x00000000fe200000,0x00000000fe200000,0x0000000100000000)
 ParOldGen       total 219648K, used 58544K [0x00000000e0000000, 0x00000000ed680000, 0x00000000f5580000)
  object space 219648K, 26% used [0x00000000e0000000,0x00000000e392c038,0x00000000ed680000)
 Metaspace       used 87601K, capacity 92044K, committed 92160K, reserved 1128448K
  class space    used 11684K, capacity 12527K, committed 12544K, reserved 1048576K
}
Event: 508.450 GC heap before
{Heap before GC invocations=21 (full 3):
 PSYoungGen      total 143872K, used 142314K [0x00000000f5580000, 0x0000000100000000, 0x0000000100000000)
  eden space 118784K, 98% used [0x00000000f5580000,0x00000000fc7fb0f8,0x00000000fc980000)
  from space 25088K, 99% used [0x00000000fc980000,0x00000000fe1ffab8,0x00000000fe200000)
  to   space 30720K, 0% used [0x00000000fe200000,0x00000000fe200000,0x0000000100000000)
 ParOldGen       total 219648K, used 58544K [0x00000000e0000000, 0x00000000ed680000, 0x00000000f5580000)
  object space 219648K, 26% used [0x00000000e0000000,0x00000000e392c038,0x00000000ed680000)
 Metaspace       used 88153K, capacity 92662K, committed 92800K, reserved 1130496K
  class space    used 11716K, capacity 12588K, committed 12672K, reserved 1048576K
Event: 508.472 GC heap after
Heap after GC invocations=21 (full 3):
 PSYoungGen      total 133632K, used 28098K [0x00000000f5580000, 0x0000000100000000, 0x0000000100000000)
  eden space 102912K, 0% used [0x00000000f5580000,0x00000000f5580000,0x00000000fba00000)
  from space 30720K, 91% used [0x00000000fe200000,0x00000000ffd70860,0x0000000100000000)
  to   space 35840K, 0% used [0x00000000fba00000,0x00000000fba00000,0x00000000fdd00000)
 ParOldGen       total 219648K, used 63554K [0x00000000e0000000, 0x00000000ed680000, 0x00000000f5580000)
  object space 219648K, 28% used [0x00000000e0000000,0x00000000e3e10b28,0x00000000ed680000)
 Metaspace       used 88153K, capacity 92662K, committed 92800K, reserved 1130496K
  class space    used 11716K, capacity 12588K, committed 12672K, reserved 1048576K
}

Deoptimization events (10 events):
Event: 469.379 Thread 0x000000001a049000 Uncommon trap: reason=null_check action=make_not_entrant pc=0x0000000004c032c0 method=com.sun.tools.javac.util.UnsharedNameTable.fromUtf([BII)Lcom/sun/tools/javac/util/Name; @ 50
Event: 469.464 Thread 0x000000001a049000 Uncommon trap: reason=unstable_if action=reinterpret pc=0x0000000004d8d324 method=org.gradle.execution.plan.Node.isComplete()Z @ 17
Event: 469.478 Thread 0x0000000019b76000 Uncommon trap: reason=bimorphic action=maybe_recompile pc=0x0000000003c7cf1c method=org.gradle.internal.logging.text.AbstractStyledTextOutput.text(Ljava/lang/Object;)Lorg/gradle/internal/logging/text/StyledTextOutput; @ 11
Event: 469.490 Thread 0x0000000019b76000 Uncommon trap: reason=class_check action=maybe_recompile pc=0x0000000003808620 method=java.lang.String.equals(Ljava/lang/Object;)Z @ 8
Event: 469.490 Thread 0x0000000019b76000 Uncommon trap: reason=class_check action=maybe_recompile pc=0x0000000003808620 method=java.lang.String.equals(Ljava/lang/Object;)Z @ 8
Event: 469.490 Thread 0x0000000019b76000 Uncommon trap: reason=class_check action=maybe_recompile pc=0x0000000003808620 method=java.lang.String.equals(Ljava/lang/Object;)Z @ 8
Event: 469.490 Thread 0x0000000019b76000 Uncommon trap: reason=class_check action=maybe_recompile pc=0x0000000003808620 method=java.lang.String.equals(Ljava/lang/Object;)Z @ 8
Event: 469.547 Thread 0x0000000019b7a800 Uncommon trap: reason=unstable_if action=reinterpret pc=0x000000000475bbcc method=com.esotericsoftware.kryo.io.Input.require(I)I @ 180
Event: 507.818 Thread 0x000000001e995800 Uncommon trap: reason=class_check action=maybe_recompile pc=0x0000000004d8d020 method=java.lang.reflect.Array.newInstance(Ljava/lang/Class;I)Ljava/lang/Object; @ 2
Event: 507.968 Thread 0x0000000019b76000 Uncommon trap: reason=predicate action=maybe_recompile pc=0x0000000004012a34 method=com.google.common.collect.RegularImmutableMap.fromEntryArray(I[Ljava/util/Map$Entry;)Lcom/google/common/collect/ImmutableMap; @ 62

Classes redefined (0 events):
No events

Internal exceptions (10 events):
Event: 466.815 Thread 0x0000000019b76000 Implicit null exception at 0x00000000046b5b14 to 0x00000000046b5d09
Event: 466.816 Thread 0x0000000019b76000 Implicit null exception at 0x000000000401ee6f to 0x000000000401eef6
Event: 467.191 Thread 0x000000001a044800 Implicit null exception at 0x000000000447cca3 to 0x000000000447edb1
Event: 467.375 Thread 0x000000001a049000 Implicit null exception at 0x0000000004a34c6f to 0x0000000004a350bd
Event: 467.456 Thread 0x000000001a049000 Implicit null exception at 0x0000000004b7d86d to 0x0000000004b7fe19
Event: 469.213 Thread 0x000000001a049000 Implicit null exception at 0x000000000502b719 to 0x000000000502b7bf
Event: 469.353 Thread 0x000000001a049000 Implicit null exception at 0x0000000004fedd25 to 0x0000000004fee3c9
Event: 469.379 Thread 0x000000001a049000 Implicit null exception at 0x0000000004c03ec9 to 0x0000000004c03291
Event: 469.424 Thread 0x000000001a049000 Exception <a 'java/lang/reflect/InvocationTargetException'> (0x00000000f627fd38) thrown at [D:\src\AOSP-openjdk-cygwin\jdk8u\hotspot\src\share\vm\runtime\reflection.cpp, line 1092]
Event: 469.472 Thread 0x0000000019b76000 Exception <a 'sun/nio/fs/WindowsException'> (0x00000000f63d1498) thrown at [D:\src\AOSP-openjdk-cygwin\jdk8u\hotspot\src\share\vm\prims\jni.cpp, line 710]

Events (10 events):
Event: 508.381 Thread 0x0000000019b76000 DEOPT PACKING pc=0x0000000005160ea2 sp=0x000000002c1d88e0
Event: 508.381 Thread 0x0000000019b76000 DEOPT UNPACKING pc=0x00000000036775d0 sp=0x000000002c1d8648 mode 0
Event: 508.450 Executing VM operation: ParallelGCFailedAllocation
Event: 508.472 Executing VM operation: ParallelGCFailedAllocation done
Event: 508.481 Thread 0x0000000019b82000 Thread added: 0x0000000019b82000
Event: 508.485 Executing VM operation: RevokeBias
Event: 508.486 Executing VM operation: RevokeBias done
Event: 508.486 Thread 0x0000000019b7b000 Thread added: 0x0000000019b7b000
Event: 508.490 Thread 0x0000000019b83000 Thread added: 0x0000000019b83000
Event: 508.490 Thread 0x0000000019b7c000 Thread added: 0x0000000019b7c000


Dynamic libraries:
0x00007ff694b40000 - 0x00007ff694b71000 	D:\Program Files\Android\Android Studio\jre\bin\java.exe
0x00007ffad3650000 - 0x00007ffad383d000 	C:\Windows\SYSTEM32\ntdll.dll
0x00007ffad2f30000 - 0x00007ffad2fe3000 	C:\Windows\System32\KERNEL32.DLL
0x00007ffacfb30000 - 0x00007ffacfdc5000 	C:\Windows\System32\KERNELBASE.dll
0x00007ffad0cb0000 - 0x00007ffad0d53000 	C:\Windows\System32\ADVAPI32.dll
0x00007ffad1990000 - 0x00007ffad1a2e000 	C:\Windows\System32\msvcrt.dll
0x00007ffad1140000 - 0x00007ffad11de000 	C:\Windows\System32\sechost.dll
0x00007ffad1290000 - 0x00007ffad13b2000 	C:\Windows\System32\RPCRT4.dll
0x00007ffad09a0000 - 0x00007ffad0b37000 	C:\Windows\System32\USER32.dll
0x00007ffacf710000 - 0x00007ffacf730000 	C:\Windows\System32\win32u.dll
0x00007ffad3000000 - 0x00007ffad3029000 	C:\Windows\System32\GDI32.dll
0x00007ffacf7b0000 - 0x00007ffacf949000 	C:\Windows\System32\gdi32full.dll
0x00007ffacfef0000 - 0x00007ffacff90000 	C:\Windows\System32\msvcp_win.dll
0x00007ffacfdf0000 - 0x00007ffacfeea000 	C:\Windows\System32\ucrtbase.dll
0x00007ffab9370000 - 0x00007ffab95e9000 	C:\Windows\WinSxS\amd64_microsoft.windows.common-controls_6595b64144ccf1df_6.0.17763.1217_none_de6e4304534e0ad3\COMCTL32.dll
0x00007ffad3270000 - 0x00007ffad359c000 	C:\Windows\System32\combase.dll
0x00007ffad06e0000 - 0x00007ffad075e000 	C:\Windows\System32\bcryptPrimitives.dll
0x00007ffad1250000 - 0x00007ffad127e000 	C:\Windows\System32\IMM32.DLL
0x00000000538b0000 - 0x0000000053982000 	D:\Program Files\Android\Android Studio\jre\jre\bin\msvcr100.dll
0x00000000529d0000 - 0x0000000053216000 	D:\Program Files\Android\Android Studio\jre\jre\bin\server\jvm.dll
0x00007ffad2ff0000 - 0x00007ffad2ff8000 	C:\Windows\System32\PSAPI.DLL
0x00007ffaa26a0000 - 0x00007ffaa26a9000 	C:\Windows\SYSTEM32\WSOCK32.dll
0x00007ffacc1b0000 - 0x00007ffacc1d4000 	C:\Windows\SYSTEM32\WINMM.dll
0x00007ffac3370000 - 0x00007ffac337a000 	C:\Windows\SYSTEM32\VERSION.dll
0x00007ffacc140000 - 0x00007ffacc16d000 	C:\Windows\SYSTEM32\WINMMBASE.dll
0x00007ffad31a0000 - 0x00007ffad320d000 	C:\Windows\System32\WS2_32.dll
0x00007ffacf760000 - 0x00007ffacf7aa000 	C:\Windows\System32\cfgmgr32.dll
0x00007ffaca050000 - 0x00007ffaca05f000 	D:\Program Files\Android\Android Studio\jre\jre\bin\verify.dll
0x00007ffac9aa0000 - 0x00007ffac9ac9000 	D:\Program Files\Android\Android Studio\jre\jre\bin\java.dll
0x00007ffab45d0000 - 0x00007ffab45e6000 	D:\Program Files\Android\Android Studio\jre\jre\bin\zip.dll
0x00007ffad1a30000 - 0x00007ffad2f24000 	C:\Windows\System32\SHELL32.dll
0x00007ffad0f30000 - 0x00007ffad0fd8000 	C:\Windows\System32\shcore.dll
0x00007ffacff90000 - 0x00007ffad06de000 	C:\Windows\System32\windows.storage.dll
0x00007ffacf6c0000 - 0x00007ffacf6e4000 	C:\Windows\System32\profapi.dll
0x00007ffacf660000 - 0x00007ffacf6bd000 	C:\Windows\System32\powrprof.dll
0x00007ffad3210000 - 0x00007ffad3262000 	C:\Windows\System32\shlwapi.dll
0x00007ffacf640000 - 0x00007ffacf651000 	C:\Windows\System32\kernel.appcore.dll
0x00007ffacfdd0000 - 0x00007ffacfde7000 	C:\Windows\System32\cryptsp.dll
0x00007ffab3a50000 - 0x00007ffab3a6a000 	D:\Program Files\Android\Android Studio\jre\jre\bin\net.dll
0x00007ffac2ad0000 - 0x00007ffac2ca7000 	C:\Windows\SYSTEM32\urlmon.dll
0x00007ffac1b00000 - 0x00007ffac1da8000 	C:\Windows\SYSTEM32\iertutil.dll
0x00007ffacf080000 - 0x00007ffacf08c000 	C:\Windows\SYSTEM32\CRYPTBASE.DLL
0x00007ffaceeb0000 - 0x00007ffacef17000 	C:\Windows\system32\mswsock.dll
0x00007ffab3350000 - 0x00007ffab3363000 	D:\Program Files\Android\Android Studio\jre\jre\bin\nio.dll
0x00007ffac9640000 - 0x00007ffac9666000 	D:\Github\PytorchAndroid\.gradle\native\30\windows-amd64\native-platform.dll
0x00007ffac9f80000 - 0x00007ffac9f8d000 	D:\Program Files\Android\Android Studio\jre\jre\bin\management.dll
0x00007ffacea30000 - 0x00007ffacea63000 	C:\Windows\system32\rsaenh.dll
0x00007ffacf730000 - 0x00007ffacf756000 	C:\Windows\System32\bcrypt.dll
0x00007ffacf570000 - 0x00007ffacf598000 	C:\Windows\SYSTEM32\USERENV.dll
0x00007ffacebd0000 - 0x00007ffacec0d000 	C:\Windows\SYSTEM32\IPHLPAPI.DLL
0x00007ffad1240000 - 0x00007ffad1248000 	C:\Windows\System32\NSI.dll
0x00007ffac2e10000 - 0x00007ffac2e26000 	C:\Windows\SYSTEM32\dhcpcsvc6.DLL
0x00007ffac3170000 - 0x00007ffac318c000 	C:\Windows\SYSTEM32\dhcpcsvc.DLL
0x00007ffacec10000 - 0x00007ffacecd7000 	C:\Windows\SYSTEM32\DNSAPI.dll

VM Arguments:
jvm_args: -XX:MaxMetaspaceSize=256m -XX:+HeapDumpOnOutOfMemoryError -Xms256m -Xmx512m -Dfile.encoding=GBK -Duser.country=CN -Duser.language=zh -Duser.variant 
java_command: org.gradle.launcher.daemon.bootstrap.GradleDaemon 5.6.2
java_class_path (initial): D:\Github\PytorchAndroid\.gradle\wrapper\dists\gradle-5.6.2-all\9st6wgf78h16so49nn74lgtbb\gradle-5.6.2\lib\gradle-launcher-5.6.2.jar
Launcher Type: SUN_STANDARD

Environment Variables:
PATH=C:\Program Files (x86)\Common Files\Oracle\Java\javapath;C:\ProgramData\Anaconda3_new;C:\ProgramData\Anaconda3_new\Library\mingw-w64\bin;C:\ProgramData\Anaconda3_new\Library\usr\bin;C:\ProgramData\Anaconda3_new\Library\bin;C:\ProgramData\Anaconda3_new\Scripts;C:\Windows\system32;C:\Windows;C:\Windows\System32\Wbem;C:\Windows\System32\WindowsPowerShell\v1.0\;C:\Windows\System32\OpenSSH\;C:\Program Files\Intel\WiFi\bin\;C:\Program Files\Common Files\Intel\WirelessCommon\;C:\Program Files\MiKTeX 2.9\miktex\bin\x64\;C:\Program Files\PuTTY\;C:\Program Files\nodejs\;C:\Program Files\Git\cmd;C:\Users\stevenwudi\AppData\Local\Microsoft\WindowsApps;C:\Users\stevenwudi\AppData\Roaming\npm;C:\Users\stevenwudi\AppData\Local\Programs\Microsoft VS Code\bin;E:\MultiCamCapture\ffmpeg-20200131-62d92a8-win64-static\ffmpeg-20200131-62d92a8-win64-static\bin;C:\Program Files\Java\jdk-14.0.1\bin;
USERNAME=stevenwudi
OS=Windows_NT
PROCESSOR_IDENTIFIER=Intel64 Family 6 Model 142 Stepping 12, GenuineIntel



---------------  S Y S T E M  ---------------

OS: Windows 10.0 , 64 bit Build 17763 (10.0.17763.1158)

CPU:total 8 (initial active 8) (4 cores per cpu, 2 threads per core) family 6 model 142 stepping 12, cmov, cx8, fxsr, mmx, sse, sse2, sse3, ssse3, sse4.1, sse4.2, popcnt, avx, avx2, aes, clmul, erms, 3dnowpref, lzcnt, ht, tsc, tscinvbit, bmi1, bmi2, adx

Memory: 4k page, physical 8230644k(847932k free), swap 14440604k(5492k free)

vm_info: OpenJDK 64-Bit Server VM (25.212-b04) for windows-amd64 JRE (1.8.0_212-release-1586-b04), built by "builder" with MS VC++ 10.0 (VS2010)

time: Mon May 25 17:08:21 2020
timezone: 中国标准时间
elapsed time: 508 seconds (0d 0h 8m 28s)

